<?xml version="1.0" encoding="UTF-8"?>
<!-- Generated by org.testng.reporters.JUnitXMLReporter -->
<testsuite hostname="MWMGT189" ignored="0" name=" Document Management System Test Cases" tests="6" failures="0" timestamp="25 Oct 2018 13:33:39 GMT" time="20.749" errors="0">
  <testcase name="verifyFolderLabelTest" time="0.06" classname="com.dms.qa.testcases.AddSubFolderPageTest"/>
  <testcase name="loginPageTitleTest" time="0.014" classname="com.dms.qa.testcases.LoginPageTest"/>
  <testcase name="verifyLogoImageTest" time="0.039" classname="com.dms.qa.testcases.HomePageTest"/>
  <testcase name="esoftLogoImageTest" time="0.036" classname="com.dms.qa.testcases.LoginPageTest"/>
  <testcase name="verifyAddSubFolderLink" time="0.202" classname="com.dms.qa.testcases.HomePageTest"/>
  <testcase name="loginTest" time="0.56" classname="com.dms.qa.testcases.LoginPageTest"/>
</testsuite> <!--  Document Management System Test Cases -->
